<?xml version="1.0" encoding="UTF-8"?>
<testng-results ignored="0" total="1" passed="1" failed="0" skipped="0">
  <reporter-output>
  </reporter-output>
  <suite started-at="2025-04-16T19:34:37 IST" name="Default suite" finished-at="2025-04-16T19:34:55 IST" duration-ms="17150">
    <groups>
    </groups>
    <test started-at="2025-04-16T19:34:37 IST" name="Default test" finished-at="2025-04-16T19:34:55 IST" duration-ms="17150">
      <class name="testcases.LoginApplication">
        <test-method is-config="true" signature="Setup()[pri:0, instance:testcases.LoginApplication@2aceadd4]" started-at="2025-04-16T19:34:37 IST" name="Setup" finished-at="2025-04-16T19:34:48 IST" duration-ms="10950" status="PASS">
          <reporter-output>
          </reporter-output>
        </test-method> <!-- Setup -->
        <test-method signature="loginWithValidCredentials()[pri:0, instance:testcases.LoginApplication@2aceadd4]" started-at="2025-04-16T19:34:48 IST" name="loginWithValidCredentials" finished-at="2025-04-16T19:34:54 IST" duration-ms="5993" status="PASS">
          <reporter-output>
          </reporter-output>
        </test-method> <!-- loginWithValidCredentials -->
        <test-method is-config="true" signature="tearDown()[pri:0, instance:testcases.LoginApplication@2aceadd4]" started-at="2025-04-16T19:34:54 IST" name="tearDown" finished-at="2025-04-16T19:34:55 IST" duration-ms="158" status="PASS">
          <reporter-output>
          </reporter-output>
        </test-method> <!-- tearDown -->
      </class> <!-- testcases.LoginApplication -->
    </test> <!-- Default test -->
  </suite> <!-- Default suite -->
</testng-results>
