<?xml version="1.0" encoding="UTF-8"?>
<testng-results ignored="0" total="1" passed="1" failed="0" skipped="0">
  <reporter-output>
  </reporter-output>
  <suite started-at="2025-04-27T00:22:26 IST" name="Default suite" finished-at="2025-04-27T00:22:34 IST" duration-ms="8242">
    <groups>
    </groups>
    <test started-at="2025-04-27T00:22:26 IST" name="Default test" finished-at="2025-04-27T00:22:34 IST" duration-ms="8242">
      <class name="testcases.RegisterUser">
        <test-method is-config="true" signature="Setup()[pri:0, instance:testcases.RegisterUser@1ce24091]" started-at="2025-04-27T00:22:26 IST" name="Setup" finished-at="2025-04-27T00:22:33 IST" duration-ms="7394" status="PASS">
          <reporter-output>
          </reporter-output>
        </test-method> <!-- Setup -->
        <test-method signature="registernewUser()[pri:0, instance:testcases.RegisterUser@1ce24091]" started-at="2025-04-27T00:22:33 IST" name="registernewUser" finished-at="2025-04-27T00:22:34 IST" duration-ms="700" status="PASS">
          <reporter-output>
          </reporter-output>
        </test-method> <!-- registernewUser -->
        <test-method is-config="true" signature="tearDown()[pri:0, instance:testcases.RegisterUser@1ce24091]" started-at="2025-04-27T00:22:34 IST" name="tearDown" finished-at="2025-04-27T00:22:34 IST" duration-ms="106" status="PASS">
          <reporter-output>
          </reporter-output>
        </test-method> <!-- tearDown -->
      </class> <!-- testcases.RegisterUser -->
    </test> <!-- Default test -->
  </suite> <!-- Default suite -->
</testng-results>
